Test testRelative starting
Value=work1
isFirst=false isLast=false isAfterLast=false
Value=work3
Value=work1
isFirst=false isLast=false isAfterLast=true
FAIL -- unexpected exception
SQLSTATE(24000): SQL Exception: Invalid cursor state - no current row.
SQL Exception: Invalid cursor state - no current row.
